{
  "C:/Users/marser/Documents/Marina/RSSchool/rsschool-react2023/src/pages/AboutPage/AboutPage.tsx": {
    "path": "C:/Users/marser/Documents/Marina/RSSchool/rsschool-react2023/src/pages/AboutPage/AboutPage.tsx",
    "statementMap": {
      "0": {
        "start": {
          "line": 5,
          "column": 0
        },
        "end": {
          "line": 15,
          "column": 1
        }
      },
      "1": {
        "start": {
          "line": 6,
          "column": 2
        },
        "end": {
          "line": 8,
          "column": 3
        }
      },
      "2": {
        "start": {
          "line": 7,
          "column": 4
        },
        "end": {
          "line": 7,
          "column": 165
        }
      },
      "3": {
        "start": {
          "line": 9,
          "column": 2
        },
        "end": {
          "line": 9,
          "column": 39
        }
      },
      "4": {
        "start": {
          "line": 10,
          "column": 2
        },
        "end": {
          "line": 10,
          "column": 39
        }
      },
      "5": {
        "start": {
          "line": 11,
          "column": 2
        },
        "end": {
          "line": 13,
          "column": 4
        }
      },
      "6": {
        "start": {
          "line": 12,
          "column": 4
        },
        "end": {
          "line": 12,
          "column": 138
        }
      },
      "7": {
        "start": {
          "line": 14,
          "column": 2
        },
        "end": {
          "line": 14,
          "column": 75
        }
      },
      "8": {
        "start": {
          "line": 16,
          "column": 18
        },
        "end": {
          "line": 26,
          "column": 1
        }
      },
      "9": {
        "start": {
          "line": 17,
          "column": 2
        },
        "end": {
          "line": 25,
          "column": 11
        }
      },
      "10": {
        "start": {
          "line": 27,
          "column": 0
        },
        "end": {
          "line": 27,
          "column": 15
        }
      },
      "11": {
        "start": {
          "line": 30,
          "column": 0
        },
        "end": {
          "line": 30,
          "column": 30
        }
      },
      "12": {
        "start": {
          "line": 31,
          "column": 0
        },
        "end": {
          "line": 47,
          "column": 1
        }
      },
      "13": {
        "start": {
          "line": 32,
          "column": 2
        },
        "end": {
          "line": 32,
          "column": 39
        }
      },
      "14": {
        "start": {
          "line": 33,
          "column": 2
        },
        "end": {
          "line": 33,
          "column": 39
        }
      },
      "15": {
        "start": {
          "line": 34,
          "column": 2
        },
        "end": {
          "line": 46,
          "column": 5
        }
      },
      "16": {
        "start": {
          "line": 38,
          "column": 4
        },
        "end": {
          "line": 38,
          "column": 164
        }
      },
      "17": {
        "start": {
          "line": 39,
          "column": 4
        },
        "end": {
          "line": 45,
          "column": 7
        }
      },
      "18": {
        "start": {
          "line": 40,
          "column": 6
        },
        "end": {
          "line": 41,
          "column": 15
        }
      },
      "19": {
        "start": {
          "line": 41,
          "column": 8
        },
        "end": {
          "line": 41,
          "column": 15
        }
      },
      "20": {
        "start": {
          "line": 42,
          "column": 32
        },
        "end": {
          "line": 42,
          "column": 115
        }
      },
      "21": {
        "start": {
          "line": 43,
          "column": 6
        },
        "end": {
          "line": 44,
          "column": 54
        }
      },
      "22": {
        "start": {
          "line": 44,
          "column": 8
        },
        "end": {
          "line": 44,
          "column": 54
        }
      }
    },
    "fnMap": {
      "0": {
        "name": "(anonymous_0)",
        "decl": {
          "start": {
            "line": 11,
            "column": 24
          },
          "end": {
            "line": 11,
            "column": 25
          }
        },
        "loc": {
          "start": {
            "line": 11,
            "column": 38
          },
          "end": {
            "line": 13,
            "column": 3
          }
        },
        "line": 11
      },
      "1": {
        "name": "(anonymous_1)",
        "decl": {
          "start": {
            "line": 16,
            "column": 18
          },
          "end": {
            "line": 16,
            "column": 19
          }
        },
        "loc": {
          "start": {
            "line": 16,
            "column": 24
          },
          "end": {
            "line": 26,
            "column": 1
          }
        },
        "line": 16
      },
      "2": {
        "name": "(anonymous_2)",
        "decl": {
          "start": {
            "line": 37,
            "column": 9
          },
          "end": {
            "line": 37,
            "column": 10
          }
        },
        "loc": {
          "start": {
            "line": 37,
            "column": 29
          },
          "end": {
            "line": 46,
            "column": 3
          }
        },
        "line": 37
      },
      "3": {
        "name": "(anonymous_3)",
        "decl": {
          "start": {
            "line": 39,
            "column": 27
          },
          "end": {
            "line": 39,
            "column": 28
          }
        },
        "loc": {
          "start": {
            "line": 39,
            "column": 44
          },
          "end": {
            "line": 45,
            "column": 5
          }
        },
        "line": 39
      }
    },
    "branchMap": {
      "0": {
        "loc": {
          "start": {
            "line": 5,
            "column": 0
          },
          "end": {
            "line": 15,
            "column": 1
          }
        },
        "type": "if",
        "locations": [
          {
            "start": {
              "line": 5,
              "column": 0
            },
            "end": {
              "line": 15,
              "column": 1
            }
          },
          {
            "start": {},
            "end": {}
          }
        ],
        "line": 5
      },
      "1": {
        "loc": {
          "start": {
            "line": 6,
            "column": 2
          },
          "end": {
            "line": 8,
            "column": 3
          }
        },
        "type": "if",
        "locations": [
          {
            "start": {
              "line": 6,
              "column": 2
            },
            "end": {
              "line": 8,
              "column": 3
            }
          },
          {
            "start": {},
            "end": {}
          }
        ],
        "line": 6
      },
      "2": {
        "loc": {
          "start": {
            "line": 31,
            "column": 0
          },
          "end": {
            "line": 47,
            "column": 1
          }
        },
        "type": "if",
        "locations": [
          {
            "start": {
              "line": 31,
              "column": 0
            },
            "end": {
              "line": 47,
              "column": 1
            }
          },
          {
            "start": {},
            "end": {}
          }
        ],
        "line": 31
      },
      "3": {
        "loc": {
          "start": {
            "line": 40,
            "column": 6
          },
          "end": {
            "line": 41,
            "column": 15
          }
        },
        "type": "if",
        "locations": [
          {
            "start": {
              "line": 40,
              "column": 6
            },
            "end": {
              "line": 41,
              "column": 15
            }
          },
          {
            "start": {},
            "end": {}
          }
        ],
        "line": 40
      },
      "4": {
        "loc": {
          "start": {
            "line": 43,
            "column": 6
          },
          "end": {
            "line": 44,
            "column": 54
          }
        },
        "type": "if",
        "locations": [
          {
            "start": {
              "line": 43,
              "column": 6
            },
            "end": {
              "line": 44,
              "column": 54
            }
          },
          {
            "start": {},
            "end": {}
          }
        ],
        "line": 43
      }
    },
    "s": {
      "0": 10,
      "1": 10,
      "2": 0,
      "3": 10,
      "4": 10,
      "5": 10,
      "6": 10,
      "7": 10,
      "8": 10,
      "9": 1,
      "10": 10,
      "11": 10,
      "12": 10,
      "13": 10,
      "14": 10,
      "15": 10,
      "16": 4,
      "17": 4,
      "18": 0,
      "19": 0,
      "20": 0,
      "21": 0,
      "22": 0
    },
    "f": {
      "0": 10,
      "1": 1,
      "2": 4,
      "3": 0
    },
    "b": {
      "0": [
        10,
        0
      ],
      "1": [
        0,
        10
      ],
      "2": [
        10,
        0
      ],
      "3": [
        0,
        0
      ],
      "4": [
        0,
        0
      ]
    },
    "inputSourceMap": {
      "version": 3,
      "mappings": "AAKM;AALN,OAAOA,oBAAkB;AAAA;AAAA;AAAA;AAAA;AAAA;AAAA;AAAA;AAAA;AAAA;AAAA;AAAA;AAAA;AAAA;AAEzB,MAAMC,YAAsBA,MAAmB;AAC7C,SACE,uBAAC,SAAI,eAAY,cACf,iCAAC,QAAG,6BAAJ;AAAA;AAAA;AAAA;AAAA,SAAiB,KADnB;AAAA;AAAA;AAAA;AAAA,SAEA;AAEJ;AAAEC,KANID;AAQN,eAAeA;AAAU;AAAAE",
      "names": [
        "React",
        "AboutPage",
        "_c",
        "$RefreshReg$"
      ],
      "sources": [
        "C:/Users/marser/Documents/Marina/RSSchool/rsschool-react2023/src/pages/AboutPage/AboutPage.tsx"
      ],
      "file": "C:/Users/marser/Documents/Marina/RSSchool/rsschool-react2023/src/pages/AboutPage/AboutPage.tsx"
    },
    "_coverageSchema": "1a1c01bbd47fc00a2c39e90264f33305004495a9",
    "hash": "86c918b3c6c944142357971a4b107dc624f0613f"
  },
  "C:/Users/marser/Documents/Marina/RSSchool/rsschool-react2023/src/pages/ErrorPage/ErrorPage.tsx": {
    "path": "C:/Users/marser/Documents/Marina/RSSchool/rsschool-react2023/src/pages/ErrorPage/ErrorPage.tsx",
    "statementMap": {
      "0": {
        "start": {
          "line": 5,
          "column": 0
        },
        "end": {
          "line": 15,
          "column": 1
        }
      },
      "1": {
        "start": {
          "line": 6,
          "column": 2
        },
        "end": {
          "line": 8,
          "column": 3
        }
      },
      "2": {
        "start": {
          "line": 7,
          "column": 4
        },
        "end": {
          "line": 7,
          "column": 165
        }
      },
      "3": {
        "start": {
          "line": 9,
          "column": 2
        },
        "end": {
          "line": 9,
          "column": 39
        }
      },
      "4": {
        "start": {
          "line": 10,
          "column": 2
        },
        "end": {
          "line": 10,
          "column": 39
        }
      },
      "5": {
        "start": {
          "line": 11,
          "column": 2
        },
        "end": {
          "line": 13,
          "column": 4
        }
      },
      "6": {
        "start": {
          "line": 12,
          "column": 4
        },
        "end": {
          "line": 12,
          "column": 138
        }
      },
      "7": {
        "start": {
          "line": 14,
          "column": 2
        },
        "end": {
          "line": 14,
          "column": 75
        }
      },
      "8": {
        "start": {
          "line": 16,
          "column": 18
        },
        "end": {
          "line": 26,
          "column": 1
        }
      },
      "9": {
        "start": {
          "line": 17,
          "column": 2
        },
        "end": {
          "line": 25,
          "column": 11
        }
      },
      "10": {
        "start": {
          "line": 27,
          "column": 0
        },
        "end": {
          "line": 27,
          "column": 15
        }
      },
      "11": {
        "start": {
          "line": 30,
          "column": 0
        },
        "end": {
          "line": 30,
          "column": 30
        }
      },
      "12": {
        "start": {
          "line": 31,
          "column": 0
        },
        "end": {
          "line": 47,
          "column": 1
        }
      },
      "13": {
        "start": {
          "line": 32,
          "column": 2
        },
        "end": {
          "line": 32,
          "column": 39
        }
      },
      "14": {
        "start": {
          "line": 33,
          "column": 2
        },
        "end": {
          "line": 33,
          "column": 39
        }
      },
      "15": {
        "start": {
          "line": 34,
          "column": 2
        },
        "end": {
          "line": 46,
          "column": 5
        }
      },
      "16": {
        "start": {
          "line": 38,
          "column": 4
        },
        "end": {
          "line": 38,
          "column": 164
        }
      },
      "17": {
        "start": {
          "line": 39,
          "column": 4
        },
        "end": {
          "line": 45,
          "column": 7
        }
      },
      "18": {
        "start": {
          "line": 40,
          "column": 6
        },
        "end": {
          "line": 41,
          "column": 15
        }
      },
      "19": {
        "start": {
          "line": 41,
          "column": 8
        },
        "end": {
          "line": 41,
          "column": 15
        }
      },
      "20": {
        "start": {
          "line": 42,
          "column": 32
        },
        "end": {
          "line": 42,
          "column": 115
        }
      },
      "21": {
        "start": {
          "line": 43,
          "column": 6
        },
        "end": {
          "line": 44,
          "column": 54
        }
      },
      "22": {
        "start": {
          "line": 44,
          "column": 8
        },
        "end": {
          "line": 44,
          "column": 54
        }
      }
    },
    "fnMap": {
      "0": {
        "name": "(anonymous_0)",
        "decl": {
          "start": {
            "line": 11,
            "column": 24
          },
          "end": {
            "line": 11,
            "column": 25
          }
        },
        "loc": {
          "start": {
            "line": 11,
            "column": 38
          },
          "end": {
            "line": 13,
            "column": 3
          }
        },
        "line": 11
      },
      "1": {
        "name": "(anonymous_1)",
        "decl": {
          "start": {
            "line": 16,
            "column": 18
          },
          "end": {
            "line": 16,
            "column": 19
          }
        },
        "loc": {
          "start": {
            "line": 16,
            "column": 24
          },
          "end": {
            "line": 26,
            "column": 1
          }
        },
        "line": 16
      },
      "2": {
        "name": "(anonymous_2)",
        "decl": {
          "start": {
            "line": 37,
            "column": 9
          },
          "end": {
            "line": 37,
            "column": 10
          }
        },
        "loc": {
          "start": {
            "line": 37,
            "column": 29
          },
          "end": {
            "line": 46,
            "column": 3
          }
        },
        "line": 37
      },
      "3": {
        "name": "(anonymous_3)",
        "decl": {
          "start": {
            "line": 39,
            "column": 27
          },
          "end": {
            "line": 39,
            "column": 28
          }
        },
        "loc": {
          "start": {
            "line": 39,
            "column": 44
          },
          "end": {
            "line": 45,
            "column": 5
          }
        },
        "line": 39
      }
    },
    "branchMap": {
      "0": {
        "loc": {
          "start": {
            "line": 5,
            "column": 0
          },
          "end": {
            "line": 15,
            "column": 1
          }
        },
        "type": "if",
        "locations": [
          {
            "start": {
              "line": 5,
              "column": 0
            },
            "end": {
              "line": 15,
              "column": 1
            }
          },
          {
            "start": {},
            "end": {}
          }
        ],
        "line": 5
      },
      "1": {
        "loc": {
          "start": {
            "line": 6,
            "column": 2
          },
          "end": {
            "line": 8,
            "column": 3
          }
        },
        "type": "if",
        "locations": [
          {
            "start": {
              "line": 6,
              "column": 2
            },
            "end": {
              "line": 8,
              "column": 3
            }
          },
          {
            "start": {},
            "end": {}
          }
        ],
        "line": 6
      },
      "2": {
        "loc": {
          "start": {
            "line": 31,
            "column": 0
          },
          "end": {
            "line": 47,
            "column": 1
          }
        },
        "type": "if",
        "locations": [
          {
            "start": {
              "line": 31,
              "column": 0
            },
            "end": {
              "line": 47,
              "column": 1
            }
          },
          {
            "start": {},
            "end": {}
          }
        ],
        "line": 31
      },
      "3": {
        "loc": {
          "start": {
            "line": 40,
            "column": 6
          },
          "end": {
            "line": 41,
            "column": 15
          }
        },
        "type": "if",
        "locations": [
          {
            "start": {
              "line": 40,
              "column": 6
            },
            "end": {
              "line": 41,
              "column": 15
            }
          },
          {
            "start": {},
            "end": {}
          }
        ],
        "line": 40
      },
      "4": {
        "loc": {
          "start": {
            "line": 43,
            "column": 6
          },
          "end": {
            "line": 44,
            "column": 54
          }
        },
        "type": "if",
        "locations": [
          {
            "start": {
              "line": 43,
              "column": 6
            },
            "end": {
              "line": 44,
              "column": 54
            }
          },
          {
            "start": {},
            "end": {}
          }
        ],
        "line": 43
      }
    },
    "s": {
      "0": 10,
      "1": 10,
      "2": 0,
      "3": 10,
      "4": 10,
      "5": 10,
      "6": 10,
      "7": 10,
      "8": 10,
      "9": 0,
      "10": 10,
      "11": 10,
      "12": 10,
      "13": 10,
      "14": 10,
      "15": 10,
      "16": 4,
      "17": 4,
      "18": 0,
      "19": 0,
      "20": 0,
      "21": 0,
      "22": 0
    },
    "f": {
      "0": 10,
      "1": 0,
      "2": 4,
      "3": 0
    },
    "b": {
      "0": [
        10,
        0
      ],
      "1": [
        0,
        10
      ],
      "2": [
        10,
        0
      ],
      "3": [
        0,
        0
      ],
      "4": [
        0,
        0
      ]
    },
    "inputSourceMap": {
      "version": 3,
      "mappings": "AAKM;AALN,OAAOA,oBAAkB;AAAA;AAAA;AAAA;AAAA;AAAA;AAAA;AAAA;AAAA;AAAA;AAAA;AAAA;AAAA;AAAA;AAEzB,MAAMC,YAAsBA,MAAmB;AAC7C,SACE,uBAAC,SAAI,eAAY,cACf,iCAAC,QAAG,0BAAJ;AAAA;AAAA;AAAA;AAAA,SAAc,KADhB;AAAA;AAAA;AAAA;AAAA,SAEA;AAEJ;AAAEC,KANID;AAQN,eAAeA;AAAU;AAAAE",
      "names": [
        "React",
        "ErrorPage",
        "_c",
        "$RefreshReg$"
      ],
      "sources": [
        "C:/Users/marser/Documents/Marina/RSSchool/rsschool-react2023/src/pages/ErrorPage/ErrorPage.tsx"
      ],
      "file": "C:/Users/marser/Documents/Marina/RSSchool/rsschool-react2023/src/pages/ErrorPage/ErrorPage.tsx"
    },
    "_coverageSchema": "1a1c01bbd47fc00a2c39e90264f33305004495a9",
    "hash": "c78c321c3dae12bdeda142fb769833f1c7b67215"
  },
  "C:/Users/marser/Documents/Marina/RSSchool/rsschool-react2023/src/app/thunks.ts": {
    "path": "C:/Users/marser/Documents/Marina/RSSchool/rsschool-react2023/src/app/thunks.ts",
    "statementMap": {
      "0": {
        "start": {
          "line": 2,
          "column": 24
        },
        "end": {
          "line": 6,
          "column": 2
        }
      },
      "1": {
        "start": {
          "line": 3,
          "column": 14
        },
        "end": {
          "line": 3,
          "column": 30
        }
      },
      "2": {
        "start": {
          "line": 4,
          "column": 15
        },
        "end": {
          "line": 4,
          "column": 31
        }
      },
      "3": {
        "start": {
          "line": 5,
          "column": 2
        },
        "end": {
          "line": 5,
          "column": 35
        }
      },
      "4": {
        "start": {
          "line": 7,
          "column": 27
        },
        "end": {
          "line": 11,
          "column": 2
        }
      },
      "5": {
        "start": {
          "line": 8,
          "column": 14
        },
        "end": {
          "line": 8,
          "column": 30
        }
      },
      "6": {
        "start": {
          "line": 9,
          "column": 15
        },
        "end": {
          "line": 9,
          "column": 31
        }
      },
      "7": {
        "start": {
          "line": 10,
          "column": 2
        },
        "end": {
          "line": 10,
          "column": 14
        }
      }
    },
    "fnMap": {
      "0": {
        "name": "(anonymous_0)",
        "decl": {
          "start": {
            "line": 2,
            "column": 56
          },
          "end": {
            "line": 2,
            "column": 57
          }
        },
        "loc": {
          "start": {
            "line": 2,
            "column": 71
          },
          "end": {
            "line": 6,
            "column": 1
          }
        },
        "line": 2
      },
      "1": {
        "name": "(anonymous_1)",
        "decl": {
          "start": {
            "line": 7,
            "column": 58
          },
          "end": {
            "line": 7,
            "column": 59
          }
        },
        "loc": {
          "start": {
            "line": 7,
            "column": 73
          },
          "end": {
            "line": 11,
            "column": 1
          }
        },
        "line": 7
      }
    },
    "branchMap": {},
    "s": {
      "0": 10,
      "1": 5,
      "2": 2,
      "3": 1,
      "4": 10,
      "5": 1,
      "6": 1,
      "7": 1
    },
    "f": {
      "0": 5,
      "1": 1
    },
    "b": {},
    "inputSourceMap": {
      "version": 3,
      "sources": [
        "C:/Users/marser/Documents/Marina/RSSchool/rsschool-react2023/src/app/thunks.ts"
      ],
      "mappings": "AAAA,SAAS,wBAAwB;AAE1B,aAAM,WAAW,iBAAiB,eAAe,OAAO,QAAgB;AAC7E,QAAM,MAAM,MAAM,MAAM,GAAG;AAC3B,QAAM,OAAO,MAAM,IAAI,KAAK;AAC5B,SAAO,KAAK,QAAQ,MAAM,GAAG,EAAE;AACjC,CAAC;AAEM,aAAM,cAAc,iBAAiB,cAAc,OAAO,QAAgB;AAC/E,QAAM,MAAM,MAAM,MAAM,GAAG;AAC3B,QAAM,OAAO,MAAM,IAAI,KAAK;AAC5B,SAAO;AACT,CAAC;",
      "names": []
    },
    "_coverageSchema": "1a1c01bbd47fc00a2c39e90264f33305004495a9",
    "hash": "bf01e8a5ffcc7f8316968a64ae4f5d6d58e67de7"
  },
  "C:/Users/marser/Documents/Marina/RSSchool/rsschool-react2023/src/app/appSlice.ts": {
    "path": "C:/Users/marser/Documents/Marina/RSSchool/rsschool-react2023/src/app/appSlice.ts",
    "statementMap": {
      "0": {
        "start": {
          "line": 3,
          "column": 21
        },
        "end": {
          "line": 13,
          "column": 1
        }
      },
      "1": {
        "start": {
          "line": 14,
          "column": 24
        },
        "end": {
          "line": 55,
          "column": 2
        }
      },
      "2": {
        "start": {
          "line": 19,
          "column": 6
        },
        "end": {
          "line": 19,
          "column": 35
        }
      },
      "3": {
        "start": {
          "line": 22,
          "column": 6
        },
        "end": {
          "line": 22,
          "column": 44
        }
      },
      "4": {
        "start": {
          "line": 25,
          "column": 6
        },
        "end": {
          "line": 25,
          "column": 49
        }
      },
      "5": {
        "start": {
          "line": 28,
          "column": 6
        },
        "end": {
          "line": 28,
          "column": 26
        }
      },
      "6": {
        "start": {
          "line": 31,
          "column": 6
        },
        "end": {
          "line": 31,
          "column": 27
        }
      },
      "7": {
        "start": {
          "line": 35,
          "column": 4
        },
        "end": {
          "line": 53,
          "column": 7
        }
      },
      "8": {
        "start": {
          "line": 36,
          "column": 6
        },
        "end": {
          "line": 36,
          "column": 32
        }
      },
      "9": {
        "start": {
          "line": 37,
          "column": 6
        },
        "end": {
          "line": 37,
          "column": 25
        }
      },
      "10": {
        "start": {
          "line": 39,
          "column": 6
        },
        "end": {
          "line": 39,
          "column": 31
        }
      },
      "11": {
        "start": {
          "line": 40,
          "column": 6
        },
        "end": {
          "line": 40,
          "column": 61
        }
      },
      "12": {
        "start": {
          "line": 42,
          "column": 6
        },
        "end": {
          "line": 42,
          "column": 34
        }
      },
      "13": {
        "start": {
          "line": 43,
          "column": 6
        },
        "end": {
          "line": 43,
          "column": 38
        }
      },
      "14": {
        "start": {
          "line": 45,
          "column": 6
        },
        "end": {
          "line": 45,
          "column": 36
        }
      },
      "15": {
        "start": {
          "line": 46,
          "column": 6
        },
        "end": {
          "line": 46,
          "column": 25
        }
      },
      "16": {
        "start": {
          "line": 48,
          "column": 6
        },
        "end": {
          "line": 48,
          "column": 35
        }
      },
      "17": {
        "start": {
          "line": 49,
          "column": 6
        },
        "end": {
          "line": 49,
          "column": 61
        }
      },
      "18": {
        "start": {
          "line": 51,
          "column": 6
        },
        "end": {
          "line": 51,
          "column": 38
        }
      },
      "19": {
        "start": {
          "line": 52,
          "column": 6
        },
        "end": {
          "line": 52,
          "column": 42
        }
      },
      "20": {
        "start": {
          "line": 56,
          "column": 84
        },
        "end": {
          "line": 56,
          "column": 100
        }
      }
    },
    "fnMap": {
      "0": {
        "name": "(anonymous_0)",
        "decl": {
          "start": {
            "line": 18,
            "column": 4
          },
          "end": {
            "line": 18,
            "column": 5
          }
        },
        "loc": {
          "start": {
            "line": 18,
            "column": 28
          },
          "end": {
            "line": 20,
            "column": 5
          }
        },
        "line": 18
      },
      "1": {
        "name": "(anonymous_1)",
        "decl": {
          "start": {
            "line": 21,
            "column": 4
          },
          "end": {
            "line": 21,
            "column": 5
          }
        },
        "loc": {
          "start": {
            "line": 21,
            "column": 37
          },
          "end": {
            "line": 23,
            "column": 5
          }
        },
        "line": 21
      },
      "2": {
        "name": "(anonymous_2)",
        "decl": {
          "start": {
            "line": 24,
            "column": 4
          },
          "end": {
            "line": 24,
            "column": 5
          }
        },
        "loc": {
          "start": {
            "line": 24,
            "column": 32
          },
          "end": {
            "line": 26,
            "column": 5
          }
        },
        "line": 24
      },
      "3": {
        "name": "(anonymous_3)",
        "decl": {
          "start": {
            "line": 27,
            "column": 15
          },
          "end": {
            "line": 27,
            "column": 16
          }
        },
        "loc": {
          "start": {
            "line": 27,
            "column": 26
          },
          "end": {
            "line": 29,
            "column": 5
          }
        },
        "line": 27
      },
      "4": {
        "name": "(anonymous_4)",
        "decl": {
          "start": {
            "line": 30,
            "column": 16
          },
          "end": {
            "line": 30,
            "column": 17
          }
        },
        "loc": {
          "start": {
            "line": 30,
            "column": 27
          },
          "end": {
            "line": 32,
            "column": 5
          }
        },
        "line": 30
      },
      "5": {
        "name": "(anonymous_5)",
        "decl": {
          "start": {
            "line": 34,
            "column": 17
          },
          "end": {
            "line": 34,
            "column": 18
          }
        },
        "loc": {
          "start": {
            "line": 34,
            "column": 30
          },
          "end": {
            "line": 54,
            "column": 3
          }
        },
        "line": 34
      },
      "6": {
        "name": "(anonymous_6)",
        "decl": {
          "start": {
            "line": 35,
            "column": 38
          },
          "end": {
            "line": 35,
            "column": 39
          }
        },
        "loc": {
          "start": {
            "line": 35,
            "column": 49
          },
          "end": {
            "line": 38,
            "column": 5
          }
        },
        "line": 35
      },
      "7": {
        "name": "(anonymous_7)",
        "decl": {
          "start": {
            "line": 38,
            "column": 34
          },
          "end": {
            "line": 38,
            "column": 35
          }
        },
        "loc": {
          "start": {
            "line": 38,
            "column": 45
          },
          "end": {
            "line": 41,
            "column": 5
          }
        },
        "line": 38
      },
      "8": {
        "name": "(anonymous_8)",
        "decl": {
          "start": {
            "line": 41,
            "column": 35
          },
          "end": {
            "line": 41,
            "column": 36
          }
        },
        "loc": {
          "start": {
            "line": 41,
            "column": 54
          },
          "end": {
            "line": 44,
            "column": 5
          }
        },
        "line": 41
      },
      "9": {
        "name": "(anonymous_9)",
        "decl": {
          "start": {
            "line": 44,
            "column": 36
          },
          "end": {
            "line": 44,
            "column": 37
          }
        },
        "loc": {
          "start": {
            "line": 44,
            "column": 47
          },
          "end": {
            "line": 47,
            "column": 5
          }
        },
        "line": 44
      },
      "10": {
        "name": "(anonymous_10)",
        "decl": {
          "start": {
            "line": 47,
            "column": 37
          },
          "end": {
            "line": 47,
            "column": 38
          }
        },
        "loc": {
          "start": {
            "line": 47,
            "column": 48
          },
          "end": {
            "line": 50,
            "column": 5
          }
        },
        "line": 47
      },
      "11": {
        "name": "(anonymous_11)",
        "decl": {
          "start": {
            "line": 50,
            "column": 38
          },
          "end": {
            "line": 50,
            "column": 39
          }
        },
        "loc": {
          "start": {
            "line": 50,
            "column": 57
          },
          "end": {
            "line": 53,
            "column": 5
          }
        },
        "line": 50
      }
    },
    "branchMap": {},
    "s": {
      "0": 10,
      "1": 10,
      "2": 0,
      "3": 1,
      "4": 1,
      "5": 1,
      "6": 1,
      "7": 10,
      "8": 5,
      "9": 5,
      "10": 0,
      "11": 0,
      "12": 1,
      "13": 1,
      "14": 1,
      "15": 1,
      "16": 0,
      "17": 0,
      "18": 1,
      "19": 1,
      "20": 10
    },
    "f": {
      "0": 0,
      "1": 1,
      "2": 1,
      "3": 1,
      "4": 1,
      "5": 10,
      "6": 5,
      "7": 0,
      "8": 1,
      "9": 1,
      "10": 0,
      "11": 1
    },
    "b": {},
    "inputSourceMap": {
      "version": 3,
      "sources": [
        "C:/Users/marser/Documents/Marina/RSSchool/rsschool-react2023/src/app/appSlice.ts"
      ],
      "mappings": "AAAA,SAAS,mBAAmB;AAC5B,SAAS,UAAU,mBAAmB;AAGtC,MAAM,eAA0B;AAAA,EAC9B,UAAU,CAAC;AAAA,EACX,OAAO;AAAA,EACP,SAAS;AAAA,EACT,aAAa;AAAA,EACb,OAAO;AAAA,EACP,cAAc;AAAA,EACd,gBAAgB;AAAA,EAChB,UAAU,CAAC;AAAA,EACX,QAAQ;AACV;AAEO,aAAM,WAAW,YAAY;AAAA,EAClC,MAAM;AAAA,EACN;AAAA,EACA,UAAU;AAAA,IACR,SAAS,OAAO,QAAQ;AACtB,YAAM,QAAQ,OAAO;AAAA,IACvB;AAAA,IACA,kBAAkB,OAAO,QAAQ;AAC/B,YAAM,iBAAiB,OAAO;AAAA,IAChC;AAAA,IACA,aAAa,OAAO,QAAQ;AAC1B,YAAM,SAAS,KAAK,EAAE,GAAG,OAAO,QAAQ,CAAC;AAAA,IAC3C;AAAA,IACA,WAAW,CAAC,UAAU;AACpB,YAAM,SAAS;AAAA,IACjB;AAAA,IACA,YAAY,CAAC,UAAU;AACrB,YAAM,SAAS;AAAA,IACjB;AAAA,EACF;AAAA,EACA,eAAe,CAAC,YAAY;AAC1B,YACG,QAAQ,SAAS,SAAS,CAAC,UAAU;AACpC,YAAM,UAAU;AAChB,YAAM,QAAQ;AAAA,IAChB,CAAC,EACA,QAAQ,SAAS,UAAU,CAAC,UAAU;AACrC,YAAM,UAAU;AAChB,YAAM,QAAQ;AAAA,IAChB,CAAC,EACA,QAAQ,SAAS,WAAW,CAAC,OAAO,WAAW;AAC9C,YAAM,UAAU;AAChB,YAAM,WAAW,OAAO;AAAA,IAC1B,CAAC,EACA,QAAQ,YAAY,SAAS,CAAC,UAAU;AACvC,YAAM,cAAc;AACpB,YAAM,QAAQ;AAAA,IAChB,CAAC,EACA,QAAQ,YAAY,UAAU,CAAC,UAAU;AACxC,YAAM,cAAc;AACpB,YAAM,QAAQ;AAAA,IAChB,CAAC,EACA,QAAQ,YAAY,WAAW,CAAC,OAAO,WAAW;AACjD,YAAM,cAAc;AACpB,YAAM,eAAe,OAAO;AAAA,IAC9B,CAAC;AAAA,EACL;AACF,CAAC;AAEM,aAAM,EAAE,UAAU,mBAAmB,cAAc,WAAW,WAAW,IAC9E,SAAS;AACX,eAAe,SAAS;",
      "names": []
    },
    "_coverageSchema": "1a1c01bbd47fc00a2c39e90264f33305004495a9",
    "hash": "eecb0db71afb1445e7b68146cb8a99f9a04f2b12"
  },
  "C:/Users/marser/Documents/Marina/RSSchool/rsschool-react2023/src/app/hooks.ts": {
    "path": "C:/Users/marser/Documents/Marina/RSSchool/rsschool-react2023/src/app/hooks.ts",
    "statementMap": {
      "0": {
        "start": {
          "line": 2,
          "column": 30
        },
        "end": {
          "line": 2,
          "column": 41
        }
      },
      "1": {
        "start": {
          "line": 3,
          "column": 30
        },
        "end": {
          "line": 3,
          "column": 41
        }
      }
    },
    "fnMap": {},
    "branchMap": {},
    "s": {
      "0": 10,
      "1": 10
    },
    "f": {},
    "b": {},
    "inputSourceMap": {
      "version": 3,
      "sources": [
        "C:/Users/marser/Documents/Marina/RSSchool/rsschool-react2023/src/app/hooks.ts"
      ],
      "mappings": "AAAA,SAA+B,aAAa,mBAAmB;AAGxD,aAAM,iBAAkD;AACxD,aAAM,iBAAoC;",
      "names": []
    },
    "_coverageSchema": "1a1c01bbd47fc00a2c39e90264f33305004495a9",
    "hash": "f62debf67c31478387f5f425a973a9a3d8c80031"
  },
  "C:/Users/marser/Documents/Marina/RSSchool/rsschool-react2023/src/components/searchBar/SearchBar.tsx": {
    "path": "C:/Users/marser/Documents/Marina/RSSchool/rsschool-react2023/src/components/searchBar/SearchBar.tsx",
    "statementMap": {
      "0": {
        "start": {
          "line": 5,
          "column": 0
        },
        "end": {
          "line": 15,
          "column": 1
        }
      },
      "1": {
        "start": {
          "line": 6,
          "column": 2
        },
        "end": {
          "line": 8,
          "column": 3
        }
      },
      "2": {
        "start": {
          "line": 7,
          "column": 4
        },
        "end": {
          "line": 7,
          "column": 165
        }
      },
      "3": {
        "start": {
          "line": 9,
          "column": 2
        },
        "end": {
          "line": 9,
          "column": 39
        }
      },
      "4": {
        "start": {
          "line": 10,
          "column": 2
        },
        "end": {
          "line": 10,
          "column": 39
        }
      },
      "5": {
        "start": {
          "line": 11,
          "column": 2
        },
        "end": {
          "line": 13,
          "column": 4
        }
      },
      "6": {
        "start": {
          "line": 12,
          "column": 4
        },
        "end": {
          "line": 12,
          "column": 143
        }
      },
      "7": {
        "start": {
          "line": 14,
          "column": 2
        },
        "end": {
          "line": 14,
          "column": 75
        }
      },
      "8": {
        "start": {
          "line": 16,
          "column": 9
        },
        "end": {
          "line": 16,
          "column": 23
        }
      },
      "9": {
        "start": {
          "line": 21,
          "column": 18
        },
        "end": {
          "line": 49,
          "column": 1
        }
      },
      "10": {
        "start": {
          "line": 22,
          "column": 2
        },
        "end": {
          "line": 22,
          "column": 7
        }
      },
      "11": {
        "start": {
          "line": 23,
          "column": 19
        },
        "end": {
          "line": 23,
          "column": 35
        }
      },
      "12": {
        "start": {
          "line": 24,
          "column": 38
        },
        "end": {
          "line": 24,
          "column": 56
        }
      },
      "13": {
        "start": {
          "line": 25,
          "column": 19
        },
        "end": {
          "line": 28,
          "column": 3
        }
      },
      "14": {
        "start": {
          "line": 26,
          "column": 4
        },
        "end": {
          "line": 26,
          "column": 27
        }
      },
      "15": {
        "start": {
          "line": 27,
          "column": 4
        },
        "end": {
          "line": 27,
          "column": 35
        }
      },
      "16": {
        "start": {
          "line": 29,
          "column": 2
        },
        "end": {
          "line": 48,
          "column": 11
        }
      },
      "17": {
        "start": {
          "line": 30,
          "column": 129
        },
        "end": {
          "line": 30,
          "column": 158
        }
      },
      "18": {
        "start": {
          "line": 50,
          "column": 0
        },
        "end": {
          "line": 52,
          "column": 3
        }
      },
      "19": {
        "start": {
          "line": 51,
          "column": 2
        },
        "end": {
          "line": 51,
          "column": 26
        }
      },
      "20": {
        "start": {
          "line": 53,
          "column": 0
        },
        "end": {
          "line": 53,
          "column": 15
        }
      },
      "21": {
        "start": {
          "line": 56,
          "column": 0
        },
        "end": {
          "line": 56,
          "column": 30
        }
      },
      "22": {
        "start": {
          "line": 57,
          "column": 0
        },
        "end": {
          "line": 73,
          "column": 1
        }
      },
      "23": {
        "start": {
          "line": 58,
          "column": 2
        },
        "end": {
          "line": 58,
          "column": 39
        }
      },
      "24": {
        "start": {
          "line": 59,
          "column": 2
        },
        "end": {
          "line": 59,
          "column": 39
        }
      },
      "25": {
        "start": {
          "line": 60,
          "column": 2
        },
        "end": {
          "line": 72,
          "column": 5
        }
      },
      "26": {
        "start": {
          "line": 64,
          "column": 4
        },
        "end": {
          "line": 64,
          "column": 169
        }
      },
      "27": {
        "start": {
          "line": 65,
          "column": 4
        },
        "end": {
          "line": 71,
          "column": 7
        }
      },
      "28": {
        "start": {
          "line": 66,
          "column": 6
        },
        "end": {
          "line": 67,
          "column": 15
        }
      },
      "29": {
        "start": {
          "line": 67,
          "column": 8
        },
        "end": {
          "line": 67,
          "column": 15
        }
      },
      "30": {
        "start": {
          "line": 68,
          "column": 32
        },
        "end": {
          "line": 68,
          "column": 115
        }
      },
      "31": {
        "start": {
          "line": 69,
          "column": 6
        },
        "end": {
          "line": 70,
          "column": 54
        }
      },
      "32": {
        "start": {
          "line": 70,
          "column": 8
        },
        "end": {
          "line": 70,
          "column": 54
        }
      }
    },
    "fnMap": {
      "0": {
        "name": "(anonymous_0)",
        "decl": {
          "start": {
            "line": 11,
            "column": 24
          },
          "end": {
            "line": 11,
            "column": 25
          }
        },
        "loc": {
          "start": {
            "line": 11,
            "column": 38
          },
          "end": {
            "line": 13,
            "column": 3
          }
        },
        "line": 11
      },
      "1": {
        "name": "(anonymous_1)",
        "decl": {
          "start": {
            "line": 21,
            "column": 18
          },
          "end": {
            "line": 21,
            "column": 19
          }
        },
        "loc": {
          "start": {
            "line": 21,
            "column": 24
          },
          "end": {
            "line": 49,
            "column": 1
          }
        },
        "line": 21
      },
      "2": {
        "name": "(anonymous_2)",
        "decl": {
          "start": {
            "line": 25,
            "column": 19
          },
          "end": {
            "line": 25,
            "column": 20
          }
        },
        "loc": {
          "start": {
            "line": 25,
            "column": 36
          },
          "end": {
            "line": 28,
            "column": 3
          }
        },
        "line": 25
      },
      "3": {
        "name": "(anonymous_3)",
        "decl": {
          "start": {
            "line": 30,
            "column": 122
          },
          "end": {
            "line": 30,
            "column": 123
          }
        },
        "loc": {
          "start": {
            "line": 30,
            "column": 129
          },
          "end": {
            "line": 30,
            "column": 158
          }
        },
        "line": 30
      },
      "4": {
        "name": "(anonymous_4)",
        "decl": {
          "start": {
            "line": 50,
            "column": 53
          },
          "end": {
            "line": 50,
            "column": 54
          }
        },
        "loc": {
          "start": {
            "line": 50,
            "column": 64
          },
          "end": {
            "line": 52,
            "column": 1
          }
        },
        "line": 50
      },
      "5": {
        "name": "(anonymous_5)",
        "decl": {
          "start": {
            "line": 63,
            "column": 9
          },
          "end": {
            "line": 63,
            "column": 10
          }
        },
        "loc": {
          "start": {
            "line": 63,
            "column": 29
          },
          "end": {
            "line": 72,
            "column": 3
          }
        },
        "line": 63
      },
      "6": {
        "name": "(anonymous_6)",
        "decl": {
          "start": {
            "line": 65,
            "column": 27
          },
          "end": {
            "line": 65,
            "column": 28
          }
        },
        "loc": {
          "start": {
            "line": 65,
            "column": 44
          },
          "end": {
            "line": 71,
            "column": 5
          }
        },
        "line": 65
      }
    },
    "branchMap": {
      "0": {
        "loc": {
          "start": {
            "line": 5,
            "column": 0
          },
          "end": {
            "line": 15,
            "column": 1
          }
        },
        "type": "if",
        "locations": [
          {
            "start": {
              "line": 5,
              "column": 0
            },
            "end": {
              "line": 15,
              "column": 1
            }
          },
          {
            "start": {},
            "end": {}
          }
        ],
        "line": 5
      },
      "1": {
        "loc": {
          "start": {
            "line": 6,
            "column": 2
          },
          "end": {
            "line": 8,
            "column": 3
          }
        },
        "type": "if",
        "locations": [
          {
            "start": {
              "line": 6,
              "column": 2
            },
            "end": {
              "line": 8,
              "column": 3
            }
          },
          {
            "start": {},
            "end": {}
          }
        ],
        "line": 6
      },
      "2": {
        "loc": {
          "start": {
            "line": 57,
            "column": 0
          },
          "end": {
            "line": 73,
            "column": 1
          }
        },
        "type": "if",
        "locations": [
          {
            "start": {
              "line": 57,
              "column": 0
            },
            "end": {
              "line": 73,
              "column": 1
            }
          },
          {
            "start": {},
            "end": {}
          }
        ],
        "line": 57
      },
      "3": {
        "loc": {
          "start": {
            "line": 66,
            "column": 6
          },
          "end": {
            "line": 67,
            "column": 15
          }
        },
        "type": "if",
        "locations": [
          {
            "start": {
              "line": 66,
              "column": 6
            },
            "end": {
              "line": 67,
              "column": 15
            }
          },
          {
            "start": {},
            "end": {}
          }
        ],
        "line": 66
      },
      "4": {
        "loc": {
          "start": {
            "line": 69,
            "column": 6
          },
          "end": {
            "line": 70,
            "column": 54
          }
        },
        "type": "if",
        "locations": [
          {
            "start": {
              "line": 69,
              "column": 6
            },
            "end": {
              "line": 70,
              "column": 54
            }
          },
          {
            "start": {},
            "end": {}
          }
        ],
        "line": 69
      }
    },
    "s": {
      "0": 10,
      "1": 10,
      "2": 0,
      "3": 10,
      "4": 10,
      "5": 10,
      "6": 10,
      "7": 10,
      "8": 10,
      "9": 10,
      "10": 11,
      "11": 11,
      "12": 11,
      "13": 11,
      "14": 0,
      "15": 0,
      "16": 11,
      "17": 0,
      "18": 10,
      "19": 5,
      "20": 10,
      "21": 10,
      "22": 10,
      "23": 10,
      "24": 10,
      "25": 10,
      "26": 4,
      "27": 4,
      "28": 0,
      "29": 0,
      "30": 0,
      "31": 0,
      "32": 0
    },
    "f": {
      "0": 10,
      "1": 11,
      "2": 0,
      "3": 0,
      "4": 5,
      "5": 4,
      "6": 0
    },
    "b": {
      "0": [
        10,
        0
      ],
      "1": [
        0,
        10
      ],
      "2": [
        10,
        0
      ],
      "3": [
        0,
        0
      ],
      "4": [
        0,
        0
      ]
    },
    "inputSourceMap": {
      "version": 3,
      "mappings": "AAkBQ;;;;;;;;;;;;;;;;AAlBR,OAAOA,WAAW;AAClB,OAAOC,YAAY;AACnB,SAASC,gBAAgB;AACzB,SAASC,sBAAsB;AAG/B,MAAMC,YAAsBA,MAAmB;AAAAC;AAC7C,QAAMC,WAAwBH,eAAc;AAC5C,QAAM,CAACI,YAAYC,aAAa,IAAIR,MAAMS,SAAS,EAAE;AAErD,QAAMC,WAAW,OAAOC,UAA2B;AACjDA,UAAMC,eAAc;AACpBN,aAASJ,SAASK,UAAU,CAAC;AAAA,EAC/B;AAEA,SACE,uBAAC,SAAI,WAAWN,OAAOY,kBACrB,iCAAC,UAAK,UAAoB,MAAK,UAC7B;AAAA,2BAAC,WACC,MAAK,QACL,aAAY,aACZ,WAAWZ,OAAOa,gBAClB,UAAWC,OAAMP,cAAcO,EAAEC,OAAOC,KAAK,KAJ/C;AAAA;AAAA;AAAA;AAAA,WAIiD;AAAA,IAEjD,uBAAC,YAAO,MAAK,UAAS,WAAWhB,OAAOiB,iBAAiB,eAAY,cAAa,sBAAlF;AAAA;AAAA;AAAA;AAAA,WAEA;AAAA,OATF;AAAA;AAAA;AAAA;AAAA,SAUA,KAXF;AAAA;AAAA;AAAA;AAAA,SAYA;AAEJ;AAAEb,GAxBID,WAAmB;AAAA,UACOD,cAAc;AAAA;AAAAgB,KADxCf;AA0BN,eAAeA;AAAU;AAAAgB",
      "names": [
        "React",
        "styles",
        "setValue",
        "useAppDispatch",
        "SearchBar",
        "_s",
        "dispatch",
        "localValue",
        "setLocalValue",
        "useState",
        "onSubmit",
        "event",
        "preventDefault",
        "searchBarWrapper",
        "searchBarInput",
        "e",
        "target",
        "value",
        "searchBarButton",
        "_c",
        "$RefreshReg$"
      ],
      "sources": [
        "C:/Users/marser/Documents/Marina/RSSchool/rsschool-react2023/src/components/searchBar/SearchBar.tsx"
      ],
      "file": "C:/Users/marser/Documents/Marina/RSSchool/rsschool-react2023/src/components/searchBar/SearchBar.tsx"
    },
    "_coverageSchema": "1a1c01bbd47fc00a2c39e90264f33305004495a9",
    "hash": "5a39a9e8cc37aae070508866d3171a5d44c280d0"
  },
  "C:/Users/marser/Documents/Marina/RSSchool/rsschool-react2023/src/components/modal/Modal.tsx": {
    "path": "C:/Users/marser/Documents/Marina/RSSchool/rsschool-react2023/src/components/modal/Modal.tsx",
    "statementMap": {
      "0": {
        "start": {
          "line": 5,
          "column": 0
        },
        "end": {
          "line": 15,
          "column": 1
        }
      },
      "1": {
        "start": {
          "line": 6,
          "column": 2
        },
        "end": {
          "line": 8,
          "column": 3
        }
      },
      "2": {
        "start": {
          "line": 7,
          "column": 4
        },
        "end": {
          "line": 7,
          "column": 165
        }
      },
      "3": {
        "start": {
          "line": 9,
          "column": 2
        },
        "end": {
          "line": 9,
          "column": 39
        }
      },
      "4": {
        "start": {
          "line": 10,
          "column": 2
        },
        "end": {
          "line": 10,
          "column": 39
        }
      },
      "5": {
        "start": {
          "line": 11,
          "column": 2
        },
        "end": {
          "line": 13,
          "column": 4
        }
      },
      "6": {
        "start": {
          "line": 12,
          "column": 4
        },
        "end": {
          "line": 12,
          "column": 135
        }
      },
      "7": {
        "start": {
          "line": 14,
          "column": 2
        },
        "end": {
          "line": 14,
          "column": 75
        }
      },
      "8": {
        "start": {
          "line": 16,
          "column": 9
        },
        "end": {
          "line": 16,
          "column": 23
        }
      },
      "9": {
        "start": {
          "line": 21,
          "column": 14
        },
        "end": {
          "line": 35,
          "column": 1
        }
      },
      "10": {
        "start": {
          "line": 24,
          "column": 2
        },
        "end": {
          "line": 24,
          "column": 7
        }
      },
      "11": {
        "start": {
          "line": 25,
          "column": 19
        },
        "end": {
          "line": 25,
          "column": 32
        }
      },
      "12": {
        "start": {
          "line": 26,
          "column": 2
        },
        "end": {
          "line": 34,
          "column": 27
        }
      },
      "13": {
        "start": {
          "line": 27,
          "column": 4
        },
        "end": {
          "line": 29,
          "column": 5
        }
      },
      "14": {
        "start": {
          "line": 28,
          "column": 6
        },
        "end": {
          "line": 28,
          "column": 29
        }
      },
      "15": {
        "start": {
          "line": 36,
          "column": 0
        },
        "end": {
          "line": 38,
          "column": 3
        }
      },
      "16": {
        "start": {
          "line": 37,
          "column": 2
        },
        "end": {
          "line": 37,
          "column": 23
        }
      },
      "17": {
        "start": {
          "line": 39,
          "column": 0
        },
        "end": {
          "line": 39,
          "column": 11
        }
      },
      "18": {
        "start": {
          "line": 42,
          "column": 0
        },
        "end": {
          "line": 42,
          "column": 26
        }
      },
      "19": {
        "start": {
          "line": 43,
          "column": 0
        },
        "end": {
          "line": 59,
          "column": 1
        }
      },
      "20": {
        "start": {
          "line": 44,
          "column": 2
        },
        "end": {
          "line": 44,
          "column": 39
        }
      },
      "21": {
        "start": {
          "line": 45,
          "column": 2
        },
        "end": {
          "line": 45,
          "column": 39
        }
      },
      "22": {
        "start": {
          "line": 46,
          "column": 2
        },
        "end": {
          "line": 58,
          "column": 5
        }
      },
      "23": {
        "start": {
          "line": 50,
          "column": 4
        },
        "end": {
          "line": 50,
          "column": 161
        }
      },
      "24": {
        "start": {
          "line": 51,
          "column": 4
        },
        "end": {
          "line": 57,
          "column": 7
        }
      },
      "25": {
        "start": {
          "line": 52,
          "column": 6
        },
        "end": {
          "line": 53,
          "column": 15
        }
      },
      "26": {
        "start": {
          "line": 53,
          "column": 8
        },
        "end": {
          "line": 53,
          "column": 15
        }
      },
      "27": {
        "start": {
          "line": 54,
          "column": 32
        },
        "end": {
          "line": 54,
          "column": 115
        }
      },
      "28": {
        "start": {
          "line": 55,
          "column": 6
        },
        "end": {
          "line": 56,
          "column": 54
        }
      },
      "29": {
        "start": {
          "line": 56,
          "column": 8
        },
        "end": {
          "line": 56,
          "column": 54
        }
      }
    },
    "fnMap": {
      "0": {
        "name": "(anonymous_0)",
        "decl": {
          "start": {
            "line": 11,
            "column": 24
          },
          "end": {
            "line": 11,
            "column": 25
          }
        },
        "loc": {
          "start": {
            "line": 11,
            "column": 38
          },
          "end": {
            "line": 13,
            "column": 3
          }
        },
        "line": 11
      },
      "1": {
        "name": "(anonymous_1)",
        "decl": {
          "start": {
            "line": 21,
            "column": 14
          },
          "end": {
            "line": 21,
            "column": 15
          }
        },
        "loc": {
          "start": {
            "line": 23,
            "column": 6
          },
          "end": {
            "line": 35,
            "column": 1
          }
        },
        "line": 23
      },
      "2": {
        "name": "(anonymous_2)",
        "decl": {
          "start": {
            "line": 26,
            "column": 116
          },
          "end": {
            "line": 26,
            "column": 117
          }
        },
        "loc": {
          "start": {
            "line": 26,
            "column": 127
          },
          "end": {
            "line": 30,
            "column": 3
          }
        },
        "line": 26
      },
      "3": {
        "name": "(anonymous_3)",
        "decl": {
          "start": {
            "line": 36,
            "column": 49
          },
          "end": {
            "line": 36,
            "column": 50
          }
        },
        "loc": {
          "start": {
            "line": 36,
            "column": 60
          },
          "end": {
            "line": 38,
            "column": 1
          }
        },
        "line": 36
      },
      "4": {
        "name": "(anonymous_4)",
        "decl": {
          "start": {
            "line": 49,
            "column": 9
          },
          "end": {
            "line": 49,
            "column": 10
          }
        },
        "loc": {
          "start": {
            "line": 49,
            "column": 29
          },
          "end": {
            "line": 58,
            "column": 3
          }
        },
        "line": 49
      },
      "5": {
        "name": "(anonymous_5)",
        "decl": {
          "start": {
            "line": 51,
            "column": 27
          },
          "end": {
            "line": 51,
            "column": 28
          }
        },
        "loc": {
          "start": {
            "line": 51,
            "column": 44
          },
          "end": {
            "line": 57,
            "column": 5
          }
        },
        "line": 51
      }
    },
    "branchMap": {
      "0": {
        "loc": {
          "start": {
            "line": 5,
            "column": 0
          },
          "end": {
            "line": 15,
            "column": 1
          }
        },
        "type": "if",
        "locations": [
          {
            "start": {
              "line": 5,
              "column": 0
            },
            "end": {
              "line": 15,
              "column": 1
            }
          },
          {
            "start": {},
            "end": {}
          }
        ],
        "line": 5
      },
      "1": {
        "loc": {
          "start": {
            "line": 6,
            "column": 2
          },
          "end": {
            "line": 8,
            "column": 3
          }
        },
        "type": "if",
        "locations": [
          {
            "start": {
              "line": 6,
              "column": 2
            },
            "end": {
              "line": 8,
              "column": 3
            }
          },
          {
            "start": {},
            "end": {}
          }
        ],
        "line": 6
      },
      "2": {
        "loc": {
          "start": {
            "line": 27,
            "column": 4
          },
          "end": {
            "line": 29,
            "column": 5
          }
        },
        "type": "if",
        "locations": [
          {
            "start": {
              "line": 27,
              "column": 4
            },
            "end": {
              "line": 29,
              "column": 5
            }
          },
          {
            "start": {},
            "end": {}
          }
        ],
        "line": 27
      },
      "3": {
        "loc": {
          "start": {
            "line": 43,
            "column": 0
          },
          "end": {
            "line": 59,
            "column": 1
          }
        },
        "type": "if",
        "locations": [
          {
            "start": {
              "line": 43,
              "column": 0
            },
            "end": {
              "line": 59,
              "column": 1
            }
          },
          {
            "start": {},
            "end": {}
          }
        ],
        "line": 43
      },
      "4": {
        "loc": {
          "start": {
            "line": 52,
            "column": 6
          },
          "end": {
            "line": 53,
            "column": 15
          }
        },
        "type": "if",
        "locations": [
          {
            "start": {
              "line": 52,
              "column": 6
            },
            "end": {
              "line": 53,
              "column": 15
            }
          },
          {
            "start": {},
            "end": {}
          }
        ],
        "line": 52
      },
      "5": {
        "loc": {
          "start": {
            "line": 55,
            "column": 6
          },
          "end": {
            "line": 56,
            "column": 54
          }
        },
        "type": "if",
        "locations": [
          {
            "start": {
              "line": 55,
              "column": 6
            },
            "end": {
              "line": 56,
              "column": 54
            }
          },
          {
            "start": {},
            "end": {}
          }
        ],
        "line": 55
      }
    },
    "s": {
      "0": 10,
      "1": 10,
      "2": 0,
      "3": 10,
      "4": 10,
      "5": 10,
      "6": 10,
      "7": 10,
      "8": 10,
      "9": 10,
      "10": 1,
      "11": 1,
      "12": 1,
      "13": 1,
      "14": 0,
      "15": 10,
      "16": 1,
      "17": 10,
      "18": 10,
      "19": 10,
      "20": 10,
      "21": 10,
      "22": 10,
      "23": 4,
      "24": 4,
      "25": 0,
      "26": 0,
      "27": 0,
      "28": 0,
      "29": 0
    },
    "f": {
      "0": 10,
      "1": 1,
      "2": 1,
      "3": 1,
      "4": 4,
      "5": 0
    },
    "b": {
      "0": [
        10,
        0
      ],
      "1": [
        0,
        10
      ],
      "2": [
        0,
        1
      ],
      "3": [
        10,
        0
      ],
      "4": [
        0,
        0
      ],
      "5": [
        0,
        0
      ]
    },
    "inputSourceMap": {
      "version": 3,
      "mappings": "AAeI;;;;;;;;;;;;;;;;AAdJ,SAASA,oBAAoB;AAC7B,OAAOC,YAAY;AAEnB,SAASC,mBAAmB;AAC5B,SAASC,kBAAkB;AAM3B,MAAMC,QAAQA,CAAC;AAAA,EAAEC;AAAqB,MAAM;AAAAC;AAC1C,QAAMC,WAAwBL,YAAW;AAEzC,SAAOF,aACL,uBAAC,SACC,WAAWC,OAAOO,SAClB,eAAY,WACZ,SAAUC,WAAU;AAClB,QAAIA,MAAMC,kBAAkBD,MAAME,QAAQ;AACxCJ,eAASJ,WAAU,CAAE;AAAA,IACvB;AAAA,EACF,GAECE,YATH;AAAA;AAAA;AAAA;AAAA,SAUA,GACAO,SAASC,IAAI;AAEjB;AAAEP,GAjBIF,OAAK;AAAA,UACqBF,WAAW;AAAA;AAAAY,KADrCV;AAmBN,eAAeA;AAAM;AAAAW",
      "names": [
        "createPortal",
        "styles",
        "useDispatch",
        "closeModal",
        "Modal",
        "children",
        "_s",
        "dispatch",
        "overlay",
        "event",
        "currentTarget",
        "target",
        "document",
        "body",
        "_c",
        "$RefreshReg$"
      ],
      "sources": [
        "C:/Users/marser/Documents/Marina/RSSchool/rsschool-react2023/src/components/modal/Modal.tsx"
      ],
      "file": "C:/Users/marser/Documents/Marina/RSSchool/rsschool-react2023/src/components/modal/Modal.tsx"
    },
    "_coverageSchema": "1a1c01bbd47fc00a2c39e90264f33305004495a9",
    "hash": "b76852f17d725fab65eaea50016ec82e15b0fe54"
  },
  "C:/Users/marser/Documents/Marina/RSSchool/rsschool-react2023/src/components/cardPreview/CardPreview.tsx": {
    "path": "C:/Users/marser/Documents/Marina/RSSchool/rsschool-react2023/src/components/cardPreview/CardPreview.tsx",
    "statementMap": {
      "0": {
        "start": {
          "line": 5,
          "column": 0
        },
        "end": {
          "line": 15,
          "column": 1
        }
      },
      "1": {
        "start": {
          "line": 6,
          "column": 2
        },
        "end": {
          "line": 8,
          "column": 3
        }
      },
      "2": {
        "start": {
          "line": 7,
          "column": 4
        },
        "end": {
          "line": 7,
          "column": 165
        }
      },
      "3": {
        "start": {
          "line": 9,
          "column": 2
        },
        "end": {
          "line": 9,
          "column": 39
        }
      },
      "4": {
        "start": {
          "line": 10,
          "column": 2
        },
        "end": {
          "line": 10,
          "column": 39
        }
      },
      "5": {
        "start": {
          "line": 11,
          "column": 2
        },
        "end": {
          "line": 13,
          "column": 4
        }
      },
      "6": {
        "start": {
          "line": 12,
          "column": 4
        },
        "end": {
          "line": 12,
          "column": 147
        }
      },
      "7": {
        "start": {
          "line": 14,
          "column": 2
        },
        "end": {
          "line": 14,
          "column": 75
        }
      },
      "8": {
        "start": {
          "line": 17,
          "column": 20
        },
        "end": {
          "line": 44,
          "column": 1
        }
      },
      "9": {
        "start": {
          "line": 21,
          "column": 2
        },
        "end": {
          "line": 43,
          "column": 11
        }
      },
      "10": {
        "start": {
          "line": 45,
          "column": 0
        },
        "end": {
          "line": 45,
          "column": 17
        }
      },
      "11": {
        "start": {
          "line": 48,
          "column": 0
        },
        "end": {
          "line": 48,
          "column": 32
        }
      },
      "12": {
        "start": {
          "line": 49,
          "column": 0
        },
        "end": {
          "line": 65,
          "column": 1
        }
      },
      "13": {
        "start": {
          "line": 50,
          "column": 2
        },
        "end": {
          "line": 50,
          "column": 39
        }
      },
      "14": {
        "start": {
          "line": 51,
          "column": 2
        },
        "end": {
          "line": 51,
          "column": 39
        }
      },
      "15": {
        "start": {
          "line": 52,
          "column": 2
        },
        "end": {
          "line": 64,
          "column": 5
        }
      },
      "16": {
        "start": {
          "line": 56,
          "column": 4
        },
        "end": {
          "line": 56,
          "column": 173
        }
      },
      "17": {
        "start": {
          "line": 57,
          "column": 4
        },
        "end": {
          "line": 63,
          "column": 7
        }
      },
      "18": {
        "start": {
          "line": 58,
          "column": 6
        },
        "end": {
          "line": 59,
          "column": 15
        }
      },
      "19": {
        "start": {
          "line": 59,
          "column": 8
        },
        "end": {
          "line": 59,
          "column": 15
        }
      },
      "20": {
        "start": {
          "line": 60,
          "column": 32
        },
        "end": {
          "line": 60,
          "column": 115
        }
      },
      "21": {
        "start": {
          "line": 61,
          "column": 6
        },
        "end": {
          "line": 62,
          "column": 54
        }
      },
      "22": {
        "start": {
          "line": 62,
          "column": 8
        },
        "end": {
          "line": 62,
          "column": 54
        }
      }
    },
    "fnMap": {
      "0": {
        "name": "(anonymous_0)",
        "decl": {
          "start": {
            "line": 11,
            "column": 24
          },
          "end": {
            "line": 11,
            "column": 25
          }
        },
        "loc": {
          "start": {
            "line": 11,
            "column": 38
          },
          "end": {
            "line": 13,
            "column": 3
          }
        },
        "line": 11
      },
      "1": {
        "name": "(anonymous_1)",
        "decl": {
          "start": {
            "line": 17,
            "column": 20
          },
          "end": {
            "line": 17,
            "column": 21
          }
        },
        "loc": {
          "start": {
            "line": 20,
            "column": 6
          },
          "end": {
            "line": 44,
            "column": 1
          }
        },
        "line": 20
      },
      "2": {
        "name": "(anonymous_2)",
        "decl": {
          "start": {
            "line": 55,
            "column": 9
          },
          "end": {
            "line": 55,
            "column": 10
          }
        },
        "loc": {
          "start": {
            "line": 55,
            "column": 29
          },
          "end": {
            "line": 64,
            "column": 3
          }
        },
        "line": 55
      },
      "3": {
        "name": "(anonymous_3)",
        "decl": {
          "start": {
            "line": 57,
            "column": 27
          },
          "end": {
            "line": 57,
            "column": 28
          }
        },
        "loc": {
          "start": {
            "line": 57,
            "column": 44
          },
          "end": {
            "line": 63,
            "column": 5
          }
        },
        "line": 57
      }
    },
    "branchMap": {
      "0": {
        "loc": {
          "start": {
            "line": 5,
            "column": 0
          },
          "end": {
            "line": 15,
            "column": 1
          }
        },
        "type": "if",
        "locations": [
          {
            "start": {
              "line": 5,
              "column": 0
            },
            "end": {
              "line": 15,
              "column": 1
            }
          },
          {
            "start": {},
            "end": {}
          }
        ],
        "line": 5
      },
      "1": {
        "loc": {
          "start": {
            "line": 6,
            "column": 2
          },
          "end": {
            "line": 8,
            "column": 3
          }
        },
        "type": "if",
        "locations": [
          {
            "start": {
              "line": 6,
              "column": 2
            },
            "end": {
              "line": 8,
              "column": 3
            }
          },
          {
            "start": {},
            "end": {}
          }
        ],
        "line": 6
      },
      "2": {
        "loc": {
          "start": {
            "line": 49,
            "column": 0
          },
          "end": {
            "line": 65,
            "column": 1
          }
        },
        "type": "if",
        "locations": [
          {
            "start": {
              "line": 49,
              "column": 0
            },
            "end": {
              "line": 65,
              "column": 1
            }
          },
          {
            "start": {},
            "end": {}
          }
        ],
        "line": 49
      },
      "3": {
        "loc": {
          "start": {
            "line": 58,
            "column": 6
          },
          "end": {
            "line": 59,
            "column": 15
          }
        },
        "type": "if",
        "locations": [
          {
            "start": {
              "line": 58,
              "column": 6
            },
            "end": {
              "line": 59,
              "column": 15
            }
          },
          {
            "start": {},
            "end": {}
          }
        ],
        "line": 58
      },
      "4": {
        "loc": {
          "start": {
            "line": 61,
            "column": 6
          },
          "end": {
            "line": 62,
            "column": 54
          }
        },
        "type": "if",
        "locations": [
          {
            "start": {
              "line": 61,
              "column": 6
            },
            "end": {
              "line": 62,
              "column": 54
            }
          },
          {
            "start": {},
            "end": {}
          }
        ],
        "line": 61
      }
    },
    "s": {
      "0": 10,
      "1": 10,
      "2": 0,
      "3": 10,
      "4": 10,
      "5": 10,
      "6": 10,
      "7": 10,
      "8": 10,
      "9": 80,
      "10": 10,
      "11": 10,
      "12": 10,
      "13": 10,
      "14": 10,
      "15": 10,
      "16": 4,
      "17": 4,
      "18": 0,
      "19": 0,
      "20": 0,
      "21": 0,
      "22": 0
    },
    "f": {
      "0": 10,
      "1": 80,
      "2": 4,
      "3": 0
    },
    "b": {
      "0": [
        10,
        0
      ],
      "1": [
        0,
        10
      ],
      "2": [
        10,
        0
      ],
      "3": [
        0,
        0
      ],
      "4": [
        0,
        0
      ]
    },
    "inputSourceMap": {
      "version": 3,
      "mappings": "AAQQ;AARR,OAAOA,oBAAkB;AAAA;AAAA;AAAA;AAAA;AAAA;AAAA;AAAA;AAAA;AAAA;AAAA;AAAA;AAAA;AAAA;AACzB,OAAOC,YAAY;AAGnB,MAAMC,cAA0CA,CAAC;AAAA,EAAEC;AAAAA,EAAUC;AAAQ,MAAmB;AACtF,SACE,uBAAC,SAAI,WAAWH,OAAOI,oBAAoB,eAAY,gBAAe,SACpE;AAAA,2BAAC,YAAO,WAAWJ,OAAOK,mBACxB,iCAAC,QAAG;AAAA;AAAA,MAAEH,SAASI;AAAAA,SAAf;AAAA;AAAA;AAAA;AAAA,WAAoB,KADtB;AAAA;AAAA;AAAA;AAAA,WAEA;AAAA,IACA,uBAAC,SAAI,KAAKJ,SAASK,SAAnB;AAAA;AAAA;AAAA;AAAA,WAAyB;AAAA,OAJ3B;AAAA;AAAA;AAAA;AAAA,SAKA;AAEJ;AAAEC,KATIP;AAWN,eAAeA;AAAY;AAAAQ",
      "names": [
        "React",
        "styles",
        "CardPreview",
        "cardData",
        "onClick",
        "cardPreviewWrapper",
        "cardPreviewHeader",
        "name",
        "image",
        "_c",
        "$RefreshReg$"
      ],
      "sources": [
        "C:/Users/marser/Documents/Marina/RSSchool/rsschool-react2023/src/components/cardPreview/CardPreview.tsx"
      ],
      "file": "C:/Users/marser/Documents/Marina/RSSchool/rsschool-react2023/src/components/cardPreview/CardPreview.tsx"
    },
    "_coverageSchema": "1a1c01bbd47fc00a2c39e90264f33305004495a9",
    "hash": "29891daf69017d872ed3d500fe83d817cbba735d"
  },
  "C:/Users/marser/Documents/Marina/RSSchool/rsschool-react2023/src/components/fullCard/FullCard.tsx": {
    "path": "C:/Users/marser/Documents/Marina/RSSchool/rsschool-react2023/src/components/fullCard/FullCard.tsx",
    "statementMap": {
      "0": {
        "start": {
          "line": 5,
          "column": 0
        },
        "end": {
          "line": 15,
          "column": 1
        }
      },
      "1": {
        "start": {
          "line": 6,
          "column": 2
        },
        "end": {
          "line": 8,
          "column": 3
        }
      },
      "2": {
        "start": {
          "line": 7,
          "column": 4
        },
        "end": {
          "line": 7,
          "column": 165
        }
      },
      "3": {
        "start": {
          "line": 9,
          "column": 2
        },
        "end": {
          "line": 9,
          "column": 39
        }
      },
      "4": {
        "start": {
          "line": 10,
          "column": 2
        },
        "end": {
          "line": 10,
          "column": 39
        }
      },
      "5": {
        "start": {
          "line": 11,
          "column": 2
        },
        "end": {
          "line": 13,
          "column": 4
        }
      },
      "6": {
        "start": {
          "line": 12,
          "column": 4
        },
        "end": {
          "line": 12,
          "column": 141
        }
      },
      "7": {
        "start": {
          "line": 14,
          "column": 2
        },
        "end": {
          "line": 14,
          "column": 75
        }
      },
      "8": {
        "start": {
          "line": 16,
          "column": 9
        },
        "end": {
          "line": 16,
          "column": 23
        }
      },
      "9": {
        "start": {
          "line": 19,
          "column": 17
        },
        "end": {
          "line": 103,
          "column": 1
        }
      },
      "10": {
        "start": {
          "line": 20,
          "column": 2
        },
        "end": {
          "line": 20,
          "column": 7
        }
      },
      "11": {
        "start": {
          "line": 21,
          "column": 23
        },
        "end": {
          "line": 21,
          "column": 69
        }
      },
      "12": {
        "start": {
          "line": 21,
          "column": 46
        },
        "end": {
          "line": 21,
          "column": 68
        }
      },
      "13": {
        "start": {
          "line": 22,
          "column": 2
        },
        "end": {
          "line": 102,
          "column": 11
        }
      },
      "14": {
        "start": {
          "line": 104,
          "column": 0
        },
        "end": {
          "line": 106,
          "column": 3
        }
      },
      "15": {
        "start": {
          "line": 105,
          "column": 2
        },
        "end": {
          "line": 105,
          "column": 23
        }
      },
      "16": {
        "start": {
          "line": 107,
          "column": 0
        },
        "end": {
          "line": 107,
          "column": 14
        }
      },
      "17": {
        "start": {
          "line": 110,
          "column": 0
        },
        "end": {
          "line": 110,
          "column": 29
        }
      },
      "18": {
        "start": {
          "line": 111,
          "column": 0
        },
        "end": {
          "line": 127,
          "column": 1
        }
      },
      "19": {
        "start": {
          "line": 112,
          "column": 2
        },
        "end": {
          "line": 112,
          "column": 39
        }
      },
      "20": {
        "start": {
          "line": 113,
          "column": 2
        },
        "end": {
          "line": 113,
          "column": 39
        }
      },
      "21": {
        "start": {
          "line": 114,
          "column": 2
        },
        "end": {
          "line": 126,
          "column": 5
        }
      },
      "22": {
        "start": {
          "line": 118,
          "column": 4
        },
        "end": {
          "line": 118,
          "column": 167
        }
      },
      "23": {
        "start": {
          "line": 119,
          "column": 4
        },
        "end": {
          "line": 125,
          "column": 7
        }
      },
      "24": {
        "start": {
          "line": 120,
          "column": 6
        },
        "end": {
          "line": 121,
          "column": 15
        }
      },
      "25": {
        "start": {
          "line": 121,
          "column": 8
        },
        "end": {
          "line": 121,
          "column": 15
        }
      },
      "26": {
        "start": {
          "line": 122,
          "column": 32
        },
        "end": {
          "line": 122,
          "column": 115
        }
      },
      "27": {
        "start": {
          "line": 123,
          "column": 6
        },
        "end": {
          "line": 124,
          "column": 54
        }
      },
      "28": {
        "start": {
          "line": 124,
          "column": 8
        },
        "end": {
          "line": 124,
          "column": 54
        }
      }
    },
    "fnMap": {
      "0": {
        "name": "(anonymous_0)",
        "decl": {
          "start": {
            "line": 11,
            "column": 24
          },
[...]
          }
        },
        "type": "cond-expr",
        "locations": [
          {
            "start": {
              "line": 22,
              "column": 21
            },
            "end": {
              "line": 22,
              "column": 41
            }
          },
          {
            "start": {
              "line": 22,
              "column": 44
            },
            "end": {
              "line": 22,
              "column": 46
            }
          }
        ],
        "line": 22
      },
      "3": {
        "loc": {
          "start": {
            "line": 29,
            "column": 10
          },
          "end": {
            "line": 29,
            "column": 46
          }
        },
        "type": "cond-expr",
        "locations": [
          {
            "start": {
              "line": 29,
              "column": 21
            },
            "end": {
              "line": 29,
              "column": 41
            }
          },
          {
            "start": {
              "line": 29,
              "column": 44
            },
            "end": {
              "line": 29,
              "column": 46
            }
          }
        ],
        "line": 29
      },
      "4": {
        "loc": {
          "start": {
            "line": 36,
            "column": 10
          },
          "end": {
            "line": 36,
            "column": 46
          }
        },
        "type": "cond-expr",
        "locations": [
          {
            "start": {
              "line": 36,
              "column": 21
            },
            "end": {
              "line": 36,
              "column": 41
            }
          },
          {
            "start": {
              "line": 36,
              "column": 44
            },
            "end": {
              "line": 36,
              "column": 46
            }
          }
        ],
        "line": 36
      },
      "5": {
        "loc": {
          "start": {
            "line": 51,
            "column": 0
          },
          "end": {
            "line": 67,
            "column": 1
          }
        },
        "type": "if",
        "locations": [
          {
            "start": {
              "line": 51,
              "column": 0
            },
            "end": {
              "line": 67,
              "column": 1
            }
          },
          {
            "start": {},
            "end": {}
          }
        ],
        "line": 51
      },
      "6": {
        "loc": {
          "start": {
            "line": 60,
            "column": 6
          },
          "end": {
            "line": 61,
            "column": 15
          }
        },
        "type": "if",
        "locations": [
          {
            "start": {
              "line": 60,
              "column": 6
            },
            "end": {
              "line": 61,
              "column": 15
            }
          },
          {
            "start": {},
            "end": {}
          }
        ],
        "line": 60
      },
      "7": {
        "loc": {
          "start": {
            "line": 63,
            "column": 6
          },
          "end": {
            "line": 64,
            "column": 54
          }
        },
        "type": "if",
        "locations": [
          {
            "start": {
              "line": 63,
              "column": 6
            },
            "end": {
              "line": 64,
              "column": 54
            }
          },
          {
            "start": {},
            "end": {}
          }
        ],
        "line": 63
      }
    },
    "s": {
      "0": 10,
      "1": 10,
      "2": 0,
      "3": 10,
      "4": 10,
      "5": 10,
      "6": 10,
      "7": 10,
      "8": 10,
      "9": 10,
      "10": 10,
      "11": 10,
      "12": 10,
      "13": 10,
      "14": 10,
      "15": 10,
      "16": 10,
      "17": 10,
      "18": 10,
      "19": 4,
      "20": 4,
      "21": 0,
      "22": 0,
      "23": 0,
      "24": 0,
      "25": 0
    },
    "f": {
      "0": 10,
      "1": 10,
      "2": 10,
      "3": 10,
      "4": 10,
      "5": 4,
      "6": 0
    },
    "b": {
      "0": [
        10,
        0
      ],
      "1": [
        0,
        10
      ],
      "2": [
        5,
        5
      ],
      "3": [
        1,
        9
      ],
      "4": [
        4,
        6
      ],
      "5": [
        10,
        0
      ],
      "6": [
        0,
        0
      ],
      "7": [
        0,
        0
      ]
    },
    "inputSourceMap": {
      "version": 3,
      "mappings": "AAMM;AANN,2BAAwB;AAAkB;AAAA;AAAA;AAAA;AAAA;AAAA;AAAA;AAAA;AAAA;AAAA;AAAA;AAAA;AAAA;AAAA;AAC1C,OAAOA,YAAY;AAEnB,MAAMC,SAAmBA,MAAmB;AAC1C,SACE,uBAAC,SAAI,WAAWD,OAAOE,QAAQ,eAAY,cACzC;AAAA,2BAAC,WACC,IAAG,KACH,eAAY,aACZ,WAAW,CAAC;AAAA,MAAEC;AAAAA,IAAS,MAAOA,WAAWH,OAAOI,gBAAgB,IACjE,oBAJD;AAAA;AAAA;AAAA;AAAA,WAMA;AAAA,IACA,uBAAC,WACC,IAAG,UACH,eAAY,cACZ,WAAW,CAAC;AAAA,MAAED;AAAAA,IAAS,MAAOA,WAAWH,OAAOI,gBAAgB,IACjE,wBAJD;AAAA;AAAA;AAAA;AAAA,WAMA;AAAA,IACA,uBAAC,WACC,IAAG,SACH,eAAY,aACZ,WAAW,CAAC;AAAA,MAAED;AAAAA,IAAS,MAAOA,WAAWH,OAAOI,gBAAgB,IACjE,oBAJD;AAAA;AAAA;AAAA;AAAA,WAMA;AAAA,OArBF;AAAA;AAAA;AAAA;AAAA,SAsBA;AAEJ;AAAEC,KA1BIJ;AA4BN,eAAeA;AAAO;AAAAK",
      "names": [
        "styles",
        "NavBar",
        "navBar",
        "isActive",
        "navLinkActive",
        "_c",
        "$RefreshReg$"
      ],
      "sources": [
        "C:/Users/marser/Documents/Marina/RSSchool/rsschool-react2023/src/components/navBar/NavBar.tsx"
      ],
      "file": "C:/Users/marser/Documents/Marina/RSSchool/rsschool-react2023/src/components/navBar/NavBar.tsx"
    },
    "_coverageSchema": "1a1c01bbd47fc00a2c39e90264f33305004495a9",
    "hash": "626c8874de441177258696eca52f7200c677a74e"
  },
  "C:/Users/marser/Documents/Marina/RSSchool/rsschool-react2023/src/App.tsx": {
    "path": "C:/Users/marser/Documents/Marina/RSSchool/rsschool-react2023/src/App.tsx",
    "statementMap": {
      "0": {
        "start": {
          "line": 5,
          "column": 0
        },
        "end": {
          "line": 15,
          "column": 1
        }
      },
      "1": {
        "start": {
          "line": 6,
          "column": 2
        },
        "end": {
          "line": 8,
          "column": 3
        }
      },
      "2": {
        "start": {
          "line": 7,
          "column": 4
        },
        "end": {
          "line": 7,
          "column": 165
        }
      },
      "3": {
        "start": {
          "line": 9,
          "column": 2
        },
        "end": {
          "line": 9,
          "column": 39
        }
      },
      "4": {
        "start": {
          "line": 10,
          "column": 2
        },
        "end": {
          "line": 10,
          "column": 39
        }
      },
      "5": {
        "start": {
          "line": 11,
          "column": 2
        },
        "end": {
          "line": 13,
          "column": 4
        }
      },
      "6": {
        "start": {
          "line": 12,
          "column": 4
        },
        "end": {
          "line": 12,
          "column": 116
        }
      },
      "7": {
        "start": {
          "line": 14,
          "column": 2
        },
        "end": {
          "line": 14,
          "column": 75
        }
      },
      "8": {
        "start": {
          "line": 19,
          "column": 19
        },
        "end": {
          "line": 36,
          "column": 1
        }
      },
      "9": {
        "start": {
          "line": 20,
          "column": 2
        },
        "end": {
          "line": 35,
          "column": 11
        }
      },
      "10": {
        "start": {
          "line": 37,
          "column": 0
        },
        "end": {
          "line": 37,
          "column": 9
        }
      },
      "11": {
        "start": {
          "line": 40,
          "column": 0
        },
        "end": {
          "line": 40,
          "column": 24
        }
      },
      "12": {
        "start": {
          "line": 41,
          "column": 0
        },
        "end": {
          "line": 57,
          "column": 1
        }
      },
      "13": {
        "start": {
          "line": 42,
          "column": 2
        },
        "end": {
          "line": 42,
          "column": 39
        }
      },
      "14": {
        "start": {
          "line": 43,
          "column": 2
        },
        "end": {
          "line": 43,
          "column": 39
        }
      },
      "15": {
        "start": {
          "line": 44,
          "column": 2
        },
        "end": {
          "line": 56,
          "column": 5
        }
      },
      "16": {
        "start": {
          "line": 48,
          "column": 4
        },
        "end": {
          "line": 48,
          "column": 142
        }
      },
      "17": {
        "start": {
          "line": 49,
          "column": 4
        },
        "end": {
          "line": 55,
          "column": 7
        }
      },
      "18": {
        "start": {
          "line": 50,
          "column": 6
        },
        "end": {
          "line": 51,
          "column": 15
        }
      },
      "19": {
        "start": {
          "line": 51,
          "column": 8
        },
        "end": {
          "line": 51,
          "column": 15
        }
      },
      "20": {
        "start": {
          "line": 52,
          "column": 32
        },
        "end": {
          "line": 52,
          "column": 115
        }
      },
      "21": {
        "start": {
          "line": 53,
          "column": 6
        },
        "end": {
          "line": 54,
          "column": 54
        }
      },
      "22": {
        "start": {
          "line": 54,
          "column": 8
        },
        "end": {
          "line": 54,
          "column": 54
        }
      }
    },
    "fnMap": {
      "0": {
        "name": "(anonymous_0)",
        "decl": {
          "start": {
            "line": 11,
            "column": 24
          },
          "end": {
            "line": 11,
            "column": 25
          }
        },
        "loc": {
          "start": {
            "line": 11,
            "column": 38
          },
          "end": {
            "line": 13,
            "column": 3
          }
        },
        "line": 11
      },
      "1": {
        "name": "(anonymous_1)",
        "decl": {
          "start": {
            "line": 19,
            "column": 19
          },
          "end": {
            "line": 19,
            "column": 20
          }
        },
        "loc": {
          "start": {
            "line": 19,
            "column": 25
          },
          "end": {
            "line": 36,
            "column": 1
          }
        },
        "line": 19
      },
      "2": {
        "name": "(anonymous_2)",
        "decl": {
          "start": {
            "line": 47,
            "column": 9
          },
          "end": {
            "line": 47,
            "column": 10
          }
        },
        "loc": {
          "start": {
            "line": 47,
            "column": 29
          },
          "end": {
            "line": 56,
            "column": 3
          }
        },
        "line": 47
      },
      "3": {
        "name": "(anonymous_3)",
        "decl": {
          "start": {
            "line": 49,
            "column": 27
          },
          "end": {
            "line": 49,
            "column": 28
          }
        },
        "loc": {
          "start": {
            "line": 49,
            "column": 44
          },
          "end": {
            "line": 55,
            "column": 5
          }
        },
        "line": 49
      }
    },
    "branchMap": {
      "0": {
        "loc": {
          "start": {
            "line": 5,
            "column": 0
          },
          "end": {
            "line": 15,
            "column": 1
          }
        },
        "type": "if",
        "locations": [
          {
            "start": {
              "line": 5,
              "column": 0
            },
            "end": {
              "line": 15,
              "column": 1
            }
          },
          {
            "start": {},
            "end": {}
          }
        ],
        "line": 5
      },
      "1": {
        "loc": {
          "start": {
            "line": 6,
            "column": 2
          },
          "end": {
            "line": 8,
            "column": 3
          }
        },
        "type": "if",
        "locations": [
          {
            "start": {
              "line": 6,
              "column": 2
            },
            "end": {
              "line": 8,
              "column": 3
            }
          },
          {
            "start": {},
            "end": {}
          }
        ],
        "line": 6
      },
      "2": {
        "loc": {
          "start": {
            "line": 41,
            "column": 0
          },
          "end": {
            "line": 57,
            "column": 1
          }
        },
        "type": "if",
        "locations": [
          {
            "start": {
              "line": 41,
              "column": 0
            },
            "end": {
              "line": 57,
              "column": 1
            }
          },
          {
            "start": {},
            "end": {}
          }
        ],
        "line": 41
      },
      "3": {
        "loc": {
          "start": {
            "line": 50,
            "column": 6
          },
          "end": {
            "line": 51,
            "column": 15
          }
        },
        "type": "if",
        "locations": [
          {
            "start": {
              "line": 50,
              "column": 6
            },
            "end": {
              "line": 51,
              "column": 15
            }
          },
          {
            "start": {},
            "end": {}
          }
        ],
        "line": 50
      },
      "4": {
        "loc": {
          "start": {
            "line": 53,
            "column": 6
          },
          "end": {
            "line": 54,
            "column": 54
          }
        },
        "type": "if",
        "locations": [
          {
            "start": {
              "line": 53,
              "column": 6
            },
            "end": {
              "line": 54,
              "column": 54
            }
          },
          {
            "start": {},
            "end": {}
          }
        ],
        "line": 53
      }
    },
    "s": {
      "0": 10,
      "1": 10,
      "2": 0,
      "3": 10,
      "4": 10,
      "5": 10,
      "6": 10,
      "7": 10,
      "8": 10,
      "9": 10,
      "10": 10,
      "11": 10,
      "12": 10,
      "13": 10,
      "14": 10,
      "15": 10,
      "16": 4,
      "17": 4,
      "18": 0,
      "19": 0,
      "20": 0,
      "21": 0,
      "22": 0
    },
    "f": {
      "0": 10,
      "1": 10,
      "2": 4,
      "3": 0
    },
    "b": {
      "0": [
        10,
        0
      ],
      "1": [
        0,
        10
      ],
      "2": [
        10,
        0
      ],
      "3": [
        0,
        0
      ],
      "4": [
        0,
        0
      ]
    },
    "inputSourceMap": {
      "version": 3,
      "mappings": "AAQM;AARN,OAAOA,oBAAkB;AAAA;AAAA;AAAA;AAAA;AAAA;AAAA;AAAA;AAAA;AAAA;AAAA;AAAA;AAAA;AAAA;AACzB,OAAOC,eAAe;AACtB,OAAOC,YAAY;AACnB,OAAOC,YAAY;AAEZ,aAAMC,MAAgBA,MAAmB;AAC9C,SACE,uBAAC,SAAI,eAAY,OAAM,WAAWD,OAAOE,KACvC;AAAA,2BAAC,YAAD;AAAA;AAAA;AAAA;AAAA,WAAO;AAAA,IACP,uBAAC,eAAD;AAAA;AAAA;AAAA;AAAA,WAAU;AAAA,OAFZ;AAAA;AAAA;AAAA;AAAA,SAGA;AAEJ;AAAEC,KAPWF;AASb,eAAeA;AAAI;AAAAG",
      "names": [
        "React",
        "AppRouter",
        "NavBar",
        "styles",
        "App",
        "app",
        "_c",
        "$RefreshReg$"
      ],
      "sources": [
        "C:/Users/marser/Documents/Marina/RSSchool/rsschool-react2023/src/App.tsx"
      ],
      "file": "C:/Users/marser/Documents/Marina/RSSchool/rsschool-react2023/src/App.tsx"
    },
    "_coverageSchema": "1a1c01bbd47fc00a2c39e90264f33305004495a9",
    "hash": "f163904f9bf871ec5b415d5abc893d3c90914c65"
  },
  "C:/Users/marser/Documents/Marina/RSSchool/rsschool-react2023/src/app/store.ts": {
    "path": "C:/Users/marser/Documents/Marina/RSSchool/rsschool-react2023/src/app/store.ts",
    "statementMap": {
      "0": {
        "start": {
          "line": 3,
          "column": 20
        },
        "end": {
          "line": 5,
          "column": 2
        }
      },
      "1": {
        "start": {
          "line": 6,
          "column": 26
        },
        "end": {
          "line": 11,
          "column": 1
        }
      },
      "2": {
        "start": {
          "line": 7,
          "column": 2
        },
        "end": {
          "line": 10,
          "column": 5
        }
      },
      "3": {
        "start": {
          "line": 12,
          "column": 21
        },
        "end": {
          "line": 12,
          "column": 33
        }
      }
    },
    "fnMap": {
      "0": {
        "name": "(anonymous_0)",
        "decl": {
          "start": {
            "line": 6,
            "column": 26
          },
          "end": {
            "line": 6,
            "column": 27
          }
        },
        "loc": {
          "start": {
            "line": 6,
            "column": 46
          },
          "end": {
            "line": 11,
            "column": 1
          }
        },
        "line": 6
      }
    },
    "branchMap": {},
    "s": {
      "0": 10,
      "1": 10,
      "2": 20,
      "3": 10
    },
    "f": {
      "0": 20
    },
    "b": {},
    "inputSourceMap": {
      "version": 3,
      "sources": [
        "C:/Users/marser/Documents/Marina/RSSchool/rsschool-react2023/src/app/store.ts"
      ],
      "mappings": "AAAA,SAAS,iBAAiB,sBAAsB;AAGhD,OAAO,gBAAgB;AAEvB,MAAM,cAAc,gBAAgB;AAAA,EAClC,KAAK;AACP,CAAC;AAEM,aAAM,aAAa,CAAC,mBAA+C;AACxE,SAAO,eAAe;AAAA,IACpB,SAAS;AAAA,IACT;AAAA,EACF,CAAC;AACH;AAEO,aAAM,QAAQ,WAAW;",
      "names": []
    },
    "_coverageSchema": "1a1c01bbd47fc00a2c39e90264f33305004495a9",
    "hash": "444f393160bab4e4c6b7657ac3953a24027a55f2"
  },
  "C:/Users/marser/Documents/Marina/RSSchool/rsschool-react2023/src/entry-client.tsx": {
    "path": "C:/Users/marser/Documents/Marina/RSSchool/rsschool-react2023/src/entry-client.tsx",
    "statementMap": {
      "0": {
        "start": {
          "line": 7,
          "column": 20
        },
        "end": {
          "line": 7,
          "column": 58
        }
      },
      "1": {
        "start": {
          "line": 8,
          "column": 0
        },
        "end": {
          "line": 8,
          "column": 34
        }
      },
      "2": {
        "start": {
          "line": 9,
          "column": 0
        },
        "end": {
          "line": 21,
          "column": 10
        }
      }
    },
    "fnMap": {},
    "branchMap": {},
    "s": {
      "0": 10,
      "1": 10,
      "2": 10
    },
    "f": {},
    "b": {},
    "inputSourceMap": {
      "version": 3,
      "mappings": "AAqBM;AArBN,OAAOA,cAAc;AACrB,SAASC,qBAAqB;AAC9B,OAAOC,SAAS;AAChB,SAASC,gBAAgB;AACzB,SAASC,kBAAkB;AAS3B,MAAMC,cAAcD,WAAWE,OAAOC,mBAAmB;AAEzD,OAAOD,OAAOC;AAEdP,SAASQ,YACPC,SAASC,eAAe,MAAM,GAC9B,uBAAC,YAAS,OAAOL,aACf,iCAAC,iBACC,iCAAC,SAAD;AAAA;AAAA;AAAA;AAAA,OAAI,KADN;AAAA;AAAA;AAAA;AAAA,OAEA,KAHF;AAAA;AAAA;AAAA;AAAA,OAIA,CAAW",
      "names": [
        "ReactDOM",
        "BrowserRouter",
        "App",
        "Provider",
        "setupStore",
        "serverStore",
        "window",
        "__PRELOADED_STATE__",
        "hydrateRoot",
        "document",
        "getElementById"
      ],
      "sources": [
        "C:/Users/marser/Documents/Marina/RSSchool/rsschool-react2023/src/entry-client.tsx"
      ],
      "file": "C:/Users/marser/Documents/Marina/RSSchool/rsschool-react2023/src/entry-client.tsx"
    },
    "_coverageSchema": "1a1c01bbd47fc00a2c39e90264f33305004495a9",
    "hash": "3a159aa9a79534f1a76df550aa436eac19377137"
  }
}